<?xml version="1.0" encoding="UTF-8"?>
<!-- Generated by org.testng.reporters.JUnitXMLReporter -->
<testsuite hostname="DELL" name="Test" tests="6" failures="0" timestamp="28 Feb 2016 10:57:08 GMT" time="0.051" errors="0">
  <testcase name="addition" time="0.015" classname="_Jan.simply.JavaFile1"/>
  <testcase name="multiplication" time="0.002" classname="_Jan.simply.JavaFile1"/>
  <testcase name="subtraction" time="0.001" classname="_Jan.simply.JavaFile1"/>
  <testcase name="addition" time="0.002" classname="_Jan.simply.JavaFile2"/>
  <testcase name="multiplication" time="0.002" classname="_Jan.simply.JavaFile2"/>
  <testcase name="subtraction" time="0.001" classname="_Jan.simply.JavaFile2"/>
</testsuite> <!-- Test -->
